mode: set
github.com/watzon/hdur/constructors.go:6.38,12.2 5 1
github.com/watzon/hdur/constructors.go:15.41,17.2 1 1
github.com/watzon/hdur/constructors.go:20.40,22.2 1 1
github.com/watzon/hdur/constructors.go:25.34,31.2 5 1
github.com/watzon/hdur/constructors.go:34.34,40.2 5 1
github.com/watzon/hdur/constructors.go:43.32,49.2 5 1
github.com/watzon/hdur/constructors.go:52.34,56.16 4 1
github.com/watzon/hdur/constructors.go:56.16,58.3 1 1
github.com/watzon/hdur/constructors.go:61.2,61.17 1 1
github.com/watzon/hdur/constructors.go:61.17,64.3 2 1
github.com/watzon/hdur/constructors.go:66.2,68.16 2 1
github.com/watzon/hdur/constructors.go:68.16,71.3 2 1
github.com/watzon/hdur/constructors.go:73.2,74.10 2 1
github.com/watzon/hdur/constructors.go:78.36,80.2 1 1
github.com/watzon/hdur/constructors.go:83.38,89.2 5 1
github.com/watzon/hdur/constructors.go:92.36,94.2 1 1
github.com/watzon/hdur/constructors.go:97.45,102.2 1 1
github.com/watzon/hdur/constructors.go:105.37,108.2 2 1
github.com/watzon/hdur/constructors.go:111.39,114.2 2 1
github.com/watzon/hdur/constructors.go:117.39,120.2 2 1
github.com/watzon/hdur/constructors.go:123.41,126.2 2 1
github.com/watzon/hdur/constructors.go:129.38,131.2 1 1
github.com/watzon/hdur/constructors.go:134.37,136.2 1 1
github.com/watzon/hdur/convert.go:7.46,11.2 2 1
github.com/watzon/hdur/duration.go:61.32,64.17 2 1
github.com/watzon/hdur/duration.go:64.17,66.3 1 1
github.com/watzon/hdur/duration.go:66.8,66.41 1 1
github.com/watzon/hdur/duration.go:66.41,68.3 1 1
github.com/watzon/hdur/duration.go:68.8,68.56 1 1
github.com/watzon/hdur/duration.go:68.56,70.3 1 1
github.com/watzon/hdur/duration.go:70.8,70.72 1 1
github.com/watzon/hdur/duration.go:70.72,72.3 1 1
github.com/watzon/hdur/duration.go:72.8,72.90 1 1
github.com/watzon/hdur/duration.go:72.90,74.3 1 1
github.com/watzon/hdur/duration.go:74.8,74.108 1 1
github.com/watzon/hdur/duration.go:74.108,76.3 1 1
github.com/watzon/hdur/duration.go:76.8,76.124 1 1
github.com/watzon/hdur/duration.go:76.124,78.3 1 1
github.com/watzon/hdur/duration.go:81.2,81.16 1 1
github.com/watzon/hdur/duration.go:81.16,89.3 7 1
github.com/watzon/hdur/duration.go:92.2,92.27 1 1
github.com/watzon/hdur/duration.go:92.27,95.3 2 1
github.com/watzon/hdur/duration.go:98.2,98.21 1 1
github.com/watzon/hdur/duration.go:98.21,101.3 2 1
github.com/watzon/hdur/duration.go:104.2,104.21 1 1
github.com/watzon/hdur/duration.go:104.21,107.3 2 1
github.com/watzon/hdur/duration.go:110.2,110.19 1 1
github.com/watzon/hdur/duration.go:110.19,113.3 2 1
github.com/watzon/hdur/duration.go:117.2,117.20 1 1
github.com/watzon/hdur/duration.go:117.20,120.3 2 1
github.com/watzon/hdur/duration.go:123.2,123.16 1 1
github.com/watzon/hdur/duration.go:123.16,131.3 7 1
github.com/watzon/hdur/format.go:19.48,36.2 4 1
github.com/watzon/hdur/format.go:39.35,40.16 1 1
github.com/watzon/hdur/format.go:40.16,42.3 1 1
github.com/watzon/hdur/format.go:45.2,46.17 2 1
github.com/watzon/hdur/format.go:46.17,48.3 1 1
github.com/watzon/hdur/format.go:48.8,48.41 1 1
github.com/watzon/hdur/format.go:48.41,50.3 1 0
github.com/watzon/hdur/format.go:50.8,50.56 1 1
github.com/watzon/hdur/format.go:50.56,52.3 1 0
github.com/watzon/hdur/format.go:52.8,52.72 1 1
github.com/watzon/hdur/format.go:52.72,54.3 1 1
github.com/watzon/hdur/format.go:54.8,54.90 1 1
github.com/watzon/hdur/format.go:54.90,56.3 1 1
github.com/watzon/hdur/format.go:56.8,56.108 1 1
github.com/watzon/hdur/format.go:56.108,58.3 1 0
github.com/watzon/hdur/format.go:58.8,58.124 1 1
github.com/watzon/hdur/format.go:58.124,60.3 1 1
github.com/watzon/hdur/format.go:63.2,64.16 2 1
github.com/watzon/hdur/format.go:64.16,74.3 1 1
github.com/watzon/hdur/format.go:76.2,78.20 2 1
github.com/watzon/hdur/format.go:78.20,80.3 1 1
github.com/watzon/hdur/format.go:81.2,81.21 1 1
github.com/watzon/hdur/format.go:81.21,83.3 1 1
github.com/watzon/hdur/format.go:84.2,84.19 1 1
github.com/watzon/hdur/format.go:84.19,86.3 1 1
github.com/watzon/hdur/format.go:87.2,87.20 1 1
github.com/watzon/hdur/format.go:87.20,89.3 1 1
github.com/watzon/hdur/format.go:90.2,90.22 1 1
github.com/watzon/hdur/format.go:90.22,92.3 1 1
github.com/watzon/hdur/format.go:93.2,93.70 1 1
github.com/watzon/hdur/format.go:93.70,95.3 1 1
github.com/watzon/hdur/format.go:98.2,98.20 1 1
github.com/watzon/hdur/format.go:98.20,100.23 2 1
github.com/watzon/hdur/format.go:100.23,101.26 1 1
github.com/watzon/hdur/format.go:101.26,103.5 1 1
github.com/watzon/hdur/format.go:103.10,105.5 1 1
github.com/watzon/hdur/format.go:106.9,106.27 1 1
github.com/watzon/hdur/format.go:106.27,107.23 1 1
github.com/watzon/hdur/format.go:107.23,109.5 1 1
github.com/watzon/hdur/format.go:109.10,111.5 1 1
github.com/watzon/hdur/format.go:112.9,114.4 1 1
github.com/watzon/hdur/format.go:117.2,118.16 2 1
github.com/watzon/hdur/format.go:118.16,120.3 1 1
github.com/watzon/hdur/format.go:121.2,121.15 1 1
github.com/watzon/hdur/format.go:125.49,127.2 1 1
github.com/watzon/hdur/format.go:130.50,132.46 2 1
github.com/watzon/hdur/format.go:132.46,134.3 1 1
github.com/watzon/hdur/format.go:136.2,137.16 2 1
github.com/watzon/hdur/format.go:137.16,139.3 1 1
github.com/watzon/hdur/format.go:141.2,142.12 2 1
github.com/watzon/hdur/format.go:146.49,148.2 1 1
github.com/watzon/hdur/format.go:151.50,154.27 2 1
github.com/watzon/hdur/format.go:155.14,156.37 1 1
github.com/watzon/hdur/format.go:157.14,158.29 1 1
github.com/watzon/hdur/format.go:159.11,160.18 1 1
github.com/watzon/hdur/format.go:161.10,162.63 1 1
github.com/watzon/hdur/format.go:165.2,165.12 1 1
github.com/watzon/hdur/math.go:9.46,21.2 3 1
github.com/watzon/hdur/math.go:24.45,28.2 2 1
github.com/watzon/hdur/math.go:31.52,33.2 1 1
github.com/watzon/hdur/math.go:36.48,38.2 1 1
github.com/watzon/hdur/math.go:41.55,43.2 1 1
github.com/watzon/hdur/math.go:46.34,47.24 1 1
github.com/watzon/hdur/math.go:47.24,49.3 1 1
github.com/watzon/hdur/math.go:50.2,50.10 1 1
github.com/watzon/hdur/math.go:54.48,55.17 1 1
github.com/watzon/hdur/math.go:55.17,57.3 1 1
github.com/watzon/hdur/math.go:60.2,60.16 1 1
github.com/watzon/hdur/math.go:60.16,73.3 4 1
github.com/watzon/hdur/math.go:75.2,86.15 3 1
github.com/watzon/hdur/math.go:90.49,91.18 1 1
github.com/watzon/hdur/math.go:91.18,92.28 1 1
github.com/watzon/hdur/math.go:94.2,94.27 1 1
github.com/watzon/hdur/math.go:98.53,99.23 1 1
github.com/watzon/hdur/math.go:99.23,101.3 1 1
github.com/watzon/hdur/math.go:104.2,108.17 4 1
github.com/watzon/hdur/math.go:108.17,110.3 1 0
github.com/watzon/hdur/math.go:112.2,118.15 4 1
github.com/watzon/hdur/math.go:122.56,123.23 1 1
github.com/watzon/hdur/math.go:123.23,125.3 1 1
github.com/watzon/hdur/math.go:128.2,132.17 4 1
github.com/watzon/hdur/math.go:132.17,134.3 1 0
github.com/watzon/hdur/math.go:136.2,142.15 4 1
github.com/watzon/hdur/parse.go:65.48,72.23 5 1
github.com/watzon/hdur/parse.go:72.23,74.3 1 1
github.com/watzon/hdur/parse.go:76.2,78.32 2 1
github.com/watzon/hdur/parse.go:78.32,79.22 1 1
github.com/watzon/hdur/parse.go:79.22,80.12 1 0
github.com/watzon/hdur/parse.go:83.3,84.17 2 1
github.com/watzon/hdur/parse.go:84.17,86.4 1 0
github.com/watzon/hdur/parse.go:88.3,90.10 3 1
github.com/watzon/hdur/parse.go:90.10,92.4 1 1
github.com/watzon/hdur/parse.go:94.3,94.21 1 1
github.com/watzon/hdur/parse.go:95.16,96.21 1 1
github.com/watzon/hdur/parse.go:97.17,98.28 1 1
github.com/watzon/hdur/parse.go:99.17,100.31 1 1
github.com/watzon/hdur/parse.go:101.18,102.23 1 1
github.com/watzon/hdur/parse.go:103.18,104.23 1 1
github.com/watzon/hdur/parse.go:105.16,106.21 1 1
github.com/watzon/hdur/parse.go:107.15,108.20 1 1
github.com/watzon/hdur/parse.go:109.16,110.24 1 1
github.com/watzon/hdur/parse.go:111.21,112.25 1 1
github.com/watzon/hdur/parse.go:113.17,114.22 1 1
github.com/watzon/hdur/parse.go:115.16,116.21 1 1
github.com/watzon/hdur/parse.go:121.2,122.15 2 1
github.com/watzon/hdur/parse.go:126.35,128.16 2 1
github.com/watzon/hdur/parse.go:128.16,129.13 1 1
github.com/watzon/hdur/parse.go:131.2,131.10 1 1
github.com/watzon/hdur/parse.go:135.51,139.2 3 1
github.com/watzon/hdur/time.go:6.53,12.2 3 1
github.com/watzon/hdur/time.go:15.33,18.2 1 1
github.com/watzon/hdur/time.go:21.34,23.2 1 1
github.com/watzon/hdur/time.go:26.34,28.2 1 1
github.com/watzon/hdur/time.go:31.41,33.2 1 1
github.com/watzon/hdur/time.go:36.46,41.18 2 1
github.com/watzon/hdur/time.go:41.18,56.20 8 1
github.com/watzon/hdur/time.go:56.20,58.4 1 1
github.com/watzon/hdur/time.go:60.3,60.82 1 1
github.com/watzon/hdur/time.go:64.2,68.43 1 1
github.com/watzon/hdur/time.go:73.37,79.19 3 1
github.com/watzon/hdur/time.go:79.19,81.3 1 1
github.com/watzon/hdur/time.go:83.2,92.15 8 1
github.com/watzon/hdur/time.go:92.15,95.3 2 1
github.com/watzon/hdur/time.go:96.2,96.17 1 1
github.com/watzon/hdur/time.go:96.17,99.3 2 1
github.com/watzon/hdur/time.go:100.2,100.17 1 1
github.com/watzon/hdur/time.go:100.17,103.3 2 1
github.com/watzon/hdur/time.go:104.2,104.15 1 1
github.com/watzon/hdur/time.go:104.15,107.3 2 1
github.com/watzon/hdur/time.go:108.2,108.14 1 1
github.com/watzon/hdur/time.go:108.14,113.3 3 1
github.com/watzon/hdur/time.go:114.2,114.16 1 1
github.com/watzon/hdur/time.go:114.16,117.3 2 1
github.com/watzon/hdur/time.go:119.2,129.19 2 1
github.com/watzon/hdur/time.go:129.19,139.3 1 1
github.com/watzon/hdur/time.go:141.2,141.15 1 1
